<?xml version="1.0" encoding="UTF-8"?>
<!-- Generated by org.testng.reporters.JUnitReportReporter -->
<testsuite hostname="Ashok" failures="0" tests="68" name="Runner.TestRunner" time="172.155" errors="0" timestamp="2025-03-19T17:43:15 PDT" skipped="0">
  <testcase classname="Runner.TestRunner" name="runScenario" time="0.423"/>
  <testcase classname="Runner.TestRunner" name="runScenario" time="4.304"/>
  <testcase classname="Runner.TestRunner" name="runScenario" time="4.341"/>
  <testcase classname="Runner.TestRunner" name="runScenario" time="1.220"/>
  <testcase classname="Runner.TestRunner" name="runScenario" time="0.978"/>
  <testcase classname="Runner.TestRunner" name="runScenario" time="1.160"/>
  <testcase classname="Runner.TestRunner" name="runScenario" time="4.371"/>
  <testcase classname="Runner.TestRunner" name="runScenario" time="0.525"/>
  <testcase classname="Runner.TestRunner" name="runScenario" time="1.510"/>
  <testcase classname="Runner.TestRunner" name="runScenario" time="1.454"/>
  <testcase classname="Runner.TestRunner" name="runScenario" time="4.443"/>
  <testcase classname="Runner.TestRunner" name="runScenario" time="8.211"/>
  <testcase classname="Runner.TestRunner" name="runScenario" time="1.168"/>
  <testcase classname="Runner.TestRunner" name="runScenario" time="4.420"/>
  <testcase classname="Runner.TestRunner" name="runScenario" time="5.264"/>
  <testcase classname="Runner.TestRunner" name="runScenario" time="0.517"/>
  <testcase classname="Runner.TestRunner" name="runScenario" time="0.961"/>
  <testcase classname="Runner.TestRunner" name="runScenario" time="4.483"/>
  <testcase classname="Runner.TestRunner" name="runScenario" time="1.224"/>
  <testcase classname="Runner.TestRunner" name="runScenario" time="0.791"/>
  <testcase classname="Runner.TestRunner" name="runScenario" time="1.393"/>
  <testcase classname="Runner.TestRunner" name="runScenario" time="4.382"/>
  <testcase classname="Runner.TestRunner" name="runScenario" time="0.742"/>
  <testcase classname="Runner.TestRunner" name="runScenario" time="1.286"/>
  <testcase classname="Runner.TestRunner" name="runScenario" time="0.935"/>
  <testcase classname="Runner.TestRunner" name="runScenario" time="1.591"/>
  <testcase classname="Runner.TestRunner" name="runScenario" time="0.516"/>
  <testcase classname="Runner.TestRunner" name="runScenario" time="4.324"/>
  <testcase classname="Runner.TestRunner" name="runScenario" time="1.201"/>
  <testcase classname="Runner.TestRunner" name="runScenario" time="1.316"/>
  <testcase classname="Runner.TestRunner" name="runScenario" time="1.648"/>
  <testcase classname="Runner.TestRunner" name="runScenario" time="0.869"/>
  <testcase classname="Runner.TestRunner" name="runScenario" time="0.462"/>
  <testcase classname="Runner.TestRunner" name="runScenario" time="4.366"/>
  <testcase classname="Runner.TestRunner" name="runScenario" time="4.499"/>
  <testcase classname="Runner.TestRunner" name="runScenario" time="5.925"/>
  <testcase classname="Runner.TestRunner" name="runScenario" time="4.478"/>
  <testcase classname="Runner.TestRunner" name="runScenario" time="1.012"/>
  <testcase classname="Runner.TestRunner" name="runScenario" time="0.413"/>
  <testcase classname="Runner.TestRunner" name="runScenario" time="4.360"/>
  <testcase classname="Runner.TestRunner" name="runScenario" time="1.087"/>
  <testcase classname="Runner.TestRunner" name="runScenario" time="1.291"/>
  <testcase classname="Runner.TestRunner" name="runScenario" time="1.190"/>
  <testcase classname="Runner.TestRunner" name="runScenario" time="1.332"/>
  <testcase classname="Runner.TestRunner" name="runScenario" time="1.144"/>
  <testcase classname="Runner.TestRunner" name="runScenario" time="4.373"/>
  <testcase classname="Runner.TestRunner" name="runScenario" time="2.479"/>
  <testcase classname="Runner.TestRunner" name="runScenario" time="4.391"/>
  <testcase classname="Runner.TestRunner" name="runScenario" time="1.095"/>
  <testcase classname="Runner.TestRunner" name="runScenario" time="1.424"/>
  <testcase classname="Runner.TestRunner" name="runScenario" time="1.176"/>
  <testcase classname="Runner.TestRunner" name="runScenario" time="1.228"/>
  <testcase classname="Runner.TestRunner" name="runScenario" time="1.340"/>
  <testcase classname="Runner.TestRunner" name="runScenario" time="4.331"/>
  <testcase classname="Runner.TestRunner" name="runScenario" time="5.086"/>
  <testcase classname="Runner.TestRunner" name="runScenario" time="4.690"/>
  <testcase classname="Runner.TestRunner" name="runScenario" time="4.670"/>
  <testcase classname="Runner.TestRunner" name="runScenario" time="1.509"/>
  <testcase classname="Runner.TestRunner" name="runScenario" time="0.400"/>
  <testcase classname="Runner.TestRunner" name="runScenario" time="1.280"/>
  <testcase classname="Runner.TestRunner" name="runScenario" time="1.222"/>
  <testcase classname="Runner.TestRunner" name="runScenario" time="4.332"/>
  <testcase classname="Runner.TestRunner" name="runScenario" time="1.436"/>
  <testcase classname="Runner.TestRunner" name="runScenario" time="4.464"/>
  <testcase classname="Runner.TestRunner" name="runScenario" time="4.374"/>
  <testcase classname="Runner.TestRunner" name="runScenario" time="4.437"/>
  <testcase classname="Runner.TestRunner" name="runScenario" time="4.507"/>
  <testcase classname="Runner.TestRunner" name="runScenario" time="4.381"/>
</testsuite> <!-- Runner.TestRunner -->
