<?xml version="1.0" encoding="UTF-8"?>
<!-- Generated by org.testng.reporters.JUnitReportReporter -->
<testsuite hostname="LAPTOP-83C8FTOB" failures="2" tests="23" name="Runner.TestRunner" time="52.138" errors="1" timestamp="2025-03-24T10:08:56 EDT" skipped="0">
  <testcase classname="Runner.TestRunner" name="runScenario" time="1.459"/>
  <testcase classname="Runner.TestRunner" name="runScenario" time="0.992"/>
  <testcase classname="Runner.TestRunner" name="runScenario" time="0.424"/>
  <testcase classname="Runner.TestRunner" name="runScenario" time="1.087"/>
  <testcase classname="Runner.TestRunner" name="runScenario" time="11.146"/>
  <testcase classname="Runner.TestRunner" name="runScenario" time="1.054">
    <failure message="expected [Tree

We can extend the concept of linked data structure (linked list, stack, queue) to a structure that may have multiple relations among its nodes. Such a structure is called a tree.
      A tree is a collection of nodes connected by directed (or undirected) edges. A tree is a nonlinear data structure, compared to arrays, linked lists, stacks and queues which are linear data structures.
        A tree can be empty with no nodes or a tree is a structure consisting of one node called the root and zero or one or more subtrees. A general tree is a tree where each node may have zero or more children (a binary tree is a specialized case of a general tree). General trees are used to model applications such as file systems.
         A binary tree is a tree where each node can have no more than two children is a good way to understand trees. A binary tree in which each node has exactly zero or two children is called a full binary tree. In a full tree, there are no nodes with exactly one child. A binary search tree (BST) is a tree, where the nodes are in an ordered sequence. In other words, a binary search tree can be “searched” efficiently using this ordering property.

Topics Covered
Overview of Trees
Terminologies
Types of Trees
Tree Traversals
Traversals-Illustration
Binary Trees
Types of Binary Trees
Implementation in Python
Binary Tree Traversals
Implementation of Binary Trees
Applications of Binary trees
Binary Search Trees
Implementation Of BST] but found [You are not logged in]" type="java.lang.AssertionError">
      <![CDATA[java.lang.AssertionError: expected [Tree

We can extend the concept of linked data structure (linked list, stack, queue) to a structure that may have multiple relations among its nodes. Such a structure is called a tree.
      A tree is a collection of nodes connected by directed (or undirected) edges. A tree is a nonlinear data structure, compared to arrays, linked lists, stacks and queues which are linear data structures.
        A tree can be empty with no nodes or a tree is a structure consisting of one node called the root and zero or one or more subtrees. A general tree is a tree where each node may have zero or more children (a binary tree is a specialized case of a general tree). General trees are used to model applications such as file systems.
         A binary tree is a tree where each node can have no more than two children is a good way to understand trees. A binary tree in which each node has exactly zero or two children is called a full binary tree. In a full tree, there are no nodes with exactly one child. A binary search tree (BST) is a tree, where the nodes are in an ordered sequence. In other words, a binary search tree can be “searched” efficiently using this ordering property.

Topics Covered
Overview of Trees
Terminologies
Types of Trees
Tree Traversals
Traversals-Illustration
Binary Trees
Types of Binary Trees
Implementation in Python
Binary Tree Traversals
Implementation of Binary Trees
Applications of Binary trees
Binary Search Trees
Implementation Of BST] but found [You are not logged in]
at org.testng.Assert.fail(Assert.java:111)
at org.testng.Assert.failNotEquals(Assert.java:1590)
at org.testng.Assert.assertEqualsImpl(Assert.java:150)
at org.testng.Assert.assertEquals(Assert.java:132)
at org.testng.Assert.assertEquals(Assert.java:656)
at org.testng.Assert.assertEquals(Assert.java:666)
at StepDefinitions.Homestep.the_user_should_see_a_warning_message(Homestep.java:70)
at ✽.The user should see a warning message(file:///C:/Users/Ashish/eclipse-workspace/DsAlgoCucumber/src/test/resources/features/Home.feature:12)
]]>
    </failure>
  </testcase> <!-- runScenario -->
  <testcase classname="Runner.TestRunner" name="runScenario" time="1.599"/>
  <testcase classname="Runner.TestRunner" name="runScenario" time="2.811"/>
  <testcase classname="Runner.TestRunner" name="runScenario" time="0.892"/>
  <testcase classname="Runner.TestRunner" name="runScenario" time="1.189"/>
  <testcase classname="Runner.TestRunner" name="runScenario" time="0.945"/>
  <testcase classname="Runner.TestRunner" name="runScenario" time="0.575"/>
  <testcase classname="Runner.TestRunner" name="runScenario" time="0.711"/>
  <testcase classname="Runner.TestRunner" name="runScenario" time="0.592"/>
  <testcase classname="Runner.TestRunner" name="runScenario" time="0.564"/>
  <testcase classname="Runner.TestRunner" name="runScenario" time="0.854"/>
  <testcase classname="Runner.TestRunner" name="runScenario" time="3.369"/>
  <testcase classname="Runner.TestRunner" name="runScenario" time="1.227"/>
  <testcase classname="Runner.TestRunner" name="runScenario" time="10.841">
    <error message="no such element: Unable to locate element: {&quot;method&quot;:&quot;xpath&quot;,&quot;selector&quot;:&quot;//a[text()=&#039;Sign in&#039;]&quot;}
  (Session info: chrome=134.0.6998.89)
For documentation on this error, please visit: https://selenium.dev/exceptions/#no_such_element
Build info: version: &#039;4.9.0&#039;, revision: &#039;d7057100a6&#039;
System info: os.name: &#039;Windows 10&#039;, os.arch: &#039;amd64&#039;, os.version: &#039;10.0&#039;, java.version: &#039;23.0.1&#039;
Driver info: org.openqa.selenium.chrome.ChromeDriver
Command: [c28ee82882ed6fb9580da105033d4d49, findElement {using=xpath, value=//a[text()=&#039;Sign in&#039;]}]
Capabilities {acceptInsecureCerts: false, browserName: chrome, browserVersion: 134.0.6998.89, chrome: {chromedriverVersion: 134.0.6998.88 (7e3d5c978c6d..., userDataDir: C:\Users\Ashish\AppData\Loc...}, fedcm:accounts: true, goog:chromeOptions: {debuggerAddress: localhost:64990}, networkConnectionEnabled: false, pageLoadStrategy: normal, platformName: WINDOWS, proxy: Proxy(), se:cdp: ws://localhost:64990/devtoo..., se:cdpVersion: 134.0.6998.89, setWindowRect: true, strictFileInteractability: false, timeouts: {implicit: 0, pageLoad: 300000, script: 30000}, unhandledPromptBehavior: dismiss and notify, webauthn:extension:credBlob: true, webauthn:extension:largeBlob: true, webauthn:extension:minPinLength: true, webauthn:extension:prf: true, webauthn:virtualAuthenticators: true}
Session ID: c28ee82882ed6fb9580da105033d4d49" type="org.openqa.selenium.NoSuchElementException">
      <![CDATA[org.openqa.selenium.NoSuchElementException: no such element: Unable to locate element: {"method":"xpath","selector":"//a[text()='Sign in']"}
  (Session info: chrome=134.0.6998.89)
For documentation on this error, please visit: https://selenium.dev/exceptions/#no_such_element
Build info: version: '4.9.0', revision: 'd7057100a6'
System info: os.name: 'Windows 10', os.arch: 'amd64', os.version: '10.0', java.version: '23.0.1'
Driver info: org.openqa.selenium.chrome.ChromeDriver
Command: [c28ee82882ed6fb9580da105033d4d49, findElement {using=xpath, value=//a[text()='Sign in']}]
Capabilities {acceptInsecureCerts: false, browserName: chrome, browserVersion: 134.0.6998.89, chrome: {chromedriverVersion: 134.0.6998.88 (7e3d5c978c6d..., userDataDir: C:\Users\Ashish\AppData\Loc...}, fedcm:accounts: true, goog:chromeOptions: {debuggerAddress: localhost:64990}, networkConnectionEnabled: false, pageLoadStrategy: normal, platformName: WINDOWS, proxy: Proxy(), se:cdp: ws://localhost:64990/devtoo..., se:cdpVersion: 134.0.6998.89, setWindowRect: true, strictFileInteractability: false, timeouts: {implicit: 0, pageLoad: 300000, script: 30000}, unhandledPromptBehavior: dismiss and notify, webauthn:extension:credBlob: true, webauthn:extension:largeBlob: true, webauthn:extension:minPinLength: true, webauthn:extension:prf: true, webauthn:virtualAuthenticators: true}
Session ID: c28ee82882ed6fb9580da105033d4d49
at java.base/jdk.internal.reflect.DirectConstructorHandleAccessor.newInstance(DirectConstructorHandleAccessor.java:62)
at java.base/java.lang.reflect.Constructor.newInstanceWithCaller(Constructor.java:501)
at java.base/java.lang.reflect.Constructor.newInstance(Constructor.java:485)
at org.openqa.selenium.remote.codec.w3c.W3CHttpResponseCodec.createException(W3CHttpResponseCodec.java:200)
at org.openqa.selenium.remote.codec.w3c.W3CHttpResponseCodec.decode(W3CHttpResponseCodec.java:133)
at org.openqa.selenium.remote.codec.w3c.W3CHttpResponseCodec.decode(W3CHttpResponseCodec.java:53)
at org.openqa.selenium.remote.HttpCommandExecutor.execute(HttpCommandExecutor.java:193)
at org.openqa.selenium.remote.service.DriverCommandExecutor.invokeExecute(DriverCommandExecutor.java:183)
at org.openqa.selenium.remote.service.DriverCommandExecutor.execute(DriverCommandExecutor.java:158)
at org.openqa.selenium.remote.RemoteWebDriver.execute(RemoteWebDriver.java:543)
at org.openqa.selenium.remote.ElementLocation$ElementFinder$2.findElement(ElementLocation.java:162)
at org.openqa.selenium.remote.ElementLocation.findElement(ElementLocation.java:60)
at org.openqa.selenium.remote.RemoteWebDriver.findElement(RemoteWebDriver.java:352)
at org.openqa.selenium.remote.RemoteWebDriver.findElement(RemoteWebDriver.java:344)
at org.openqa.selenium.support.pagefactory.DefaultElementLocator.findElement(DefaultElementLocator.java:70)
at org.openqa.selenium.support.pagefactory.internal.LocatingElementHandler.invoke(LocatingElementHandler.java:39)
at jdk.proxy2/jdk.proxy2.$Proxy32.click(Unknown Source)
at pageObjects.homePage.signIn(homePage.java:145)
at StepDefinitions.Homestep.the_user_is_on_the_home_page_after_signed_in(Homestep.java:78)
at ✽.The user is on the Home page after signed in(file:///C:/Users/Ashish/eclipse-workspace/DsAlgoCucumber/src/test/resources/features/Home.feature:15)
]]>
    </error>
  </testcase> <!-- runScenario -->
  <testcase classname="Runner.TestRunner" name="runScenario" time="1.219">
    <failure message="expected [true] but found [false]" type="java.lang.AssertionError">
      <![CDATA[java.lang.AssertionError: expected [true] but found [false]
at org.testng.Assert.fail(Assert.java:111)
at org.testng.Assert.failNotEquals(Assert.java:1590)
at org.testng.Assert.assertTrue(Assert.java:57)
at org.testng.Assert.assertTrue(Assert.java:67)
at StepDefinitions.RegisterStep.the_user_should_be_redirected_to_home_page_of_ds_algo_with_success_message(RegisterStep.java:129)
at ✽.The user should be redirected to Home Page of DS Algo with success message(file:///C:/Users/Ashish/eclipse-workspace/DsAlgoCucumber/src/test/resources/features/Register.feature:30)
]]>
    </failure>
  </testcase> <!-- runScenario -->
  <testcase classname="Runner.TestRunner" name="runScenario" time="0.548"/>
  <testcase classname="Runner.TestRunner" name="runScenario" time="1.220"/>
  <testcase classname="Runner.TestRunner" name="runScenario" time="6.820"/>
</testsuite> <!-- Runner.TestRunner -->
