<?xml version="1.0" encoding="UTF-8"?>
<!-- Generated by org.testng.reporters.JUnitReportReporter -->
<testsuite hostname="Ashok" failures="0" tests="83" name="Runner.TestRunner" time="130.241" errors="0" timestamp="2025-03-22T23:06:41 PDT" skipped="0">
  <testcase classname="Runner.TestRunner" name="runScenario" time="1.479"/>
  <testcase classname="Runner.TestRunner" name="runScenario" time="1.233"/>
  <testcase classname="Runner.TestRunner" name="runScenario" time="1.495"/>
  <testcase classname="Runner.TestRunner" name="runScenario" time="1.373"/>
  <testcase classname="Runner.TestRunner" name="runScenario" time="0.475"/>
  <testcase classname="Runner.TestRunner" name="runScenario" time="1.251"/>
  <testcase classname="Runner.TestRunner" name="runScenario" time="0.435"/>
  <testcase classname="Runner.TestRunner" name="runScenario" time="1.560"/>
  <testcase classname="Runner.TestRunner" name="runScenario" time="1.046"/>
  <testcase classname="Runner.TestRunner" name="runScenario" time="0.616"/>
  <testcase classname="Runner.TestRunner" name="runScenario" time="1.278"/>
  <testcase classname="Runner.TestRunner" name="runScenario" time="2.289"/>
  <testcase classname="Runner.TestRunner" name="runScenario" time="1.325"/>
  <testcase classname="Runner.TestRunner" name="runScenario" time="1.536"/>
  <testcase classname="Runner.TestRunner" name="runScenario" time="1.026"/>
  <testcase classname="Runner.TestRunner" name="runScenario" time="2.003"/>
  <testcase classname="Runner.TestRunner" name="runScenario" time="1.502"/>
  <testcase classname="Runner.TestRunner" name="runScenario" time="0.867"/>
  <testcase classname="Runner.TestRunner" name="runScenario" time="1.593"/>
  <testcase classname="Runner.TestRunner" name="runScenario" time="1.808"/>
  <testcase classname="Runner.TestRunner" name="runScenario" time="1.647"/>
  <testcase classname="Runner.TestRunner" name="runScenario" time="2.058"/>
  <testcase classname="Runner.TestRunner" name="runScenario" time="2.542"/>
  <testcase classname="Runner.TestRunner" name="runScenario" time="1.945"/>
  <testcase classname="Runner.TestRunner" name="runScenario" time="1.003"/>
  <testcase classname="Runner.TestRunner" name="runScenario" time="1.967"/>
  <testcase classname="Runner.TestRunner" name="runScenario" time="0.557"/>
  <testcase classname="Runner.TestRunner" name="runScenario" time="2.871"/>
  <testcase classname="Runner.TestRunner" name="runScenario" time="0.946"/>
  <testcase classname="Runner.TestRunner" name="runScenario" time="1.685"/>
  <testcase classname="Runner.TestRunner" name="runScenario" time="1.600"/>
  <testcase classname="Runner.TestRunner" name="runScenario" time="0.905"/>
  <testcase classname="Runner.TestRunner" name="runScenario" time="1.886"/>
  <testcase classname="Runner.TestRunner" name="runScenario" time="1.891"/>
  <testcase classname="Runner.TestRunner" name="runScenario" time="1.562"/>
  <testcase classname="Runner.TestRunner" name="runScenario" time="1.065"/>
  <testcase classname="Runner.TestRunner" name="runScenario" time="1.103"/>
  <testcase classname="Runner.TestRunner" name="runScenario" time="1.333"/>
  <testcase classname="Runner.TestRunner" name="runScenario" time="2.024"/>
  <testcase classname="Runner.TestRunner" name="runScenario" time="1.310"/>
  <testcase classname="Runner.TestRunner" name="runScenario" time="1.246"/>
  <testcase classname="Runner.TestRunner" name="runScenario" time="1.807"/>
  <testcase classname="Runner.TestRunner" name="runScenario" time="1.327"/>
  <testcase classname="Runner.TestRunner" name="runScenario" time="1.279"/>
  <testcase classname="Runner.TestRunner" name="runScenario" time="1.761"/>
  <testcase classname="Runner.TestRunner" name="runScenario" time="2.267"/>
  <testcase classname="Runner.TestRunner" name="runScenario" time="1.596"/>
  <testcase classname="Runner.TestRunner" name="runScenario" time="1.620"/>
  <testcase classname="Runner.TestRunner" name="runScenario" time="1.022"/>
  <testcase classname="Runner.TestRunner" name="runScenario" time="0.688"/>
  <testcase classname="Runner.TestRunner" name="runScenario" time="2.085"/>
  <testcase classname="Runner.TestRunner" name="runScenario" time="1.689"/>
  <testcase classname="Runner.TestRunner" name="runScenario" time="1.271"/>
  <testcase classname="Runner.TestRunner" name="runScenario" time="1.557"/>
  <testcase classname="Runner.TestRunner" name="runScenario" time="2.246"/>
  <testcase classname="Runner.TestRunner" name="runScenario" time="1.708"/>
  <testcase classname="Runner.TestRunner" name="runScenario" time="2.188"/>
  <testcase classname="Runner.TestRunner" name="runScenario" time="2.658"/>
  <testcase classname="Runner.TestRunner" name="runScenario" time="1.499"/>
  <testcase classname="Runner.TestRunner" name="runScenario" time="3.208"/>
  <testcase classname="Runner.TestRunner" name="runScenario" time="1.512"/>
  <testcase classname="Runner.TestRunner" name="runScenario" time="2.176"/>
  <testcase classname="Runner.TestRunner" name="runScenario" time="1.673"/>
  <testcase classname="Runner.TestRunner" name="runScenario" time="1.058"/>
  <testcase classname="Runner.TestRunner" name="runScenario" time="1.460"/>
  <testcase classname="Runner.TestRunner" name="runScenario" time="2.188"/>
  <testcase classname="Runner.TestRunner" name="runScenario" time="1.687"/>
  <testcase classname="Runner.TestRunner" name="runScenario" time="0.412"/>
  <testcase classname="Runner.TestRunner" name="runScenario" time="1.815"/>
  <testcase classname="Runner.TestRunner" name="runScenario" time="1.379"/>
  <testcase classname="Runner.TestRunner" name="runScenario" time="1.518"/>
  <testcase classname="Runner.TestRunner" name="runScenario" time="2.047"/>
  <testcase classname="Runner.TestRunner" name="runScenario" time="0.983"/>
  <testcase classname="Runner.TestRunner" name="runScenario" time="1.197"/>
  <testcase classname="Runner.TestRunner" name="runScenario" time="1.547"/>
  <testcase classname="Runner.TestRunner" name="runScenario" time="1.881"/>
  <testcase classname="Runner.TestRunner" name="runScenario" time="1.311"/>
  <testcase classname="Runner.TestRunner" name="runScenario" time="2.580"/>
  <testcase classname="Runner.TestRunner" name="runScenario" time="2.698"/>
  <testcase classname="Runner.TestRunner" name="runScenario" time="1.061"/>
  <testcase classname="Runner.TestRunner" name="runScenario" time="1.247"/>
  <testcase classname="Runner.TestRunner" name="runScenario" time="2.338"/>
  <testcase classname="Runner.TestRunner" name="runScenario" time="1.661"/>
</testsuite> <!-- Runner.TestRunner -->
