<?xml version="1.0" encoding="UTF-8"?>
<!-- Generated by org.testng.reporters.JUnitReportReporter -->
<testsuite hostname="LAPTOP-83C8FTOB" failures="0" tests="24" name="Runner.TestRunner" time="61.075" errors="0" timestamp="2025-03-24T20:56:39 EDT" skipped="0">
  <testcase classname="Runner.TestRunner" name="runScenario" time="2.781"/>
  <testcase classname="Runner.TestRunner" name="runScenario" time="0.742"/>
  <testcase classname="Runner.TestRunner" name="runScenario" time="0.982"/>
  <testcase classname="Runner.TestRunner" name="runScenario" time="0.927"/>
  <testcase classname="Runner.TestRunner" name="runScenario" time="1.367"/>
  <testcase classname="Runner.TestRunner" name="runScenario" time="12.220"/>
  <testcase classname="Runner.TestRunner" name="runScenario" time="1.194"/>
  <testcase classname="Runner.TestRunner" name="runScenario" time="1.840"/>
  <testcase classname="Runner.TestRunner" name="runScenario" time="1.022"/>
  <testcase classname="Runner.TestRunner" name="runScenario" time="1.183"/>
  <testcase classname="Runner.TestRunner" name="runScenario" time="1.628"/>
  <testcase classname="Runner.TestRunner" name="runScenario" time="5.995"/>
  <testcase classname="Runner.TestRunner" name="runScenario" time="1.930"/>
  <testcase classname="Runner.TestRunner" name="runScenario" time="5.380"/>
  <testcase classname="Runner.TestRunner" name="runScenario" time="0.949"/>
  <testcase classname="Runner.TestRunner" name="runScenario" time="1.645"/>
  <testcase classname="Runner.TestRunner" name="runScenario" time="3.542"/>
  <testcase classname="Runner.TestRunner" name="runScenario" time="1.634"/>
  <testcase classname="Runner.TestRunner" name="runScenario" time="0.960"/>
  <testcase classname="Runner.TestRunner" name="runScenario" time="3.913"/>
  <testcase classname="Runner.TestRunner" name="runScenario" time="1.053"/>
  <testcase classname="Runner.TestRunner" name="runScenario" time="2.503"/>
  <testcase classname="Runner.TestRunner" name="runScenario" time="1.801"/>
  <testcase classname="Runner.TestRunner" name="runScenario" time="3.884"/>
</testsuite> <!-- Runner.TestRunner -->
