<?xml version="1.0" encoding="UTF-8"?>
<!-- Generated by org.testng.reporters.JUnitReportReporter -->
<testsuite hostname="Ashok" failures="0" tests="248" name="Runner.TestRunner" time="492.057" errors="1" timestamp="2025-03-24T18:32:53 PDT" skipped="0">
  <testcase classname="Runner.TestRunner" name="runScenario" time="2.029"/>
  <testcase classname="Runner.TestRunner" name="runScenario" time="0.382"/>
  <testcase classname="Runner.TestRunner" name="runScenario" time="0.574"/>
  <testcase classname="Runner.TestRunner" name="runScenario" time="0.863"/>
  <testcase classname="Runner.TestRunner" name="runScenario" time="2.350"/>
  <testcase classname="Runner.TestRunner" name="runScenario" time="1.752"/>
  <testcase classname="Runner.TestRunner" name="runScenario" time="2.485"/>
  <testcase classname="Runner.TestRunner" name="runScenario" time="0.386"/>
  <testcase classname="Runner.TestRunner" name="runScenario" time="2.748"/>
  <testcase classname="Runner.TestRunner" name="runScenario" time="5.763"/>
  <testcase classname="Runner.TestRunner" name="runScenario" time="3.700"/>
  <testcase classname="Runner.TestRunner" name="runScenario" time="3.055"/>
  <testcase classname="Runner.TestRunner" name="runScenario" time="1.574"/>
  <testcase classname="Runner.TestRunner" name="runScenario" time="0.501"/>
  <testcase classname="Runner.TestRunner" name="runScenario" time="0.563"/>
  <testcase classname="Runner.TestRunner" name="runScenario" time="1.877"/>
  <testcase classname="Runner.TestRunner" name="runScenario" time="1.668"/>
  <testcase classname="Runner.TestRunner" name="runScenario" time="2.391"/>
  <testcase classname="Runner.TestRunner" name="runScenario" time="1.464"/>
  <testcase classname="Runner.TestRunner" name="runScenario" time="2.423"/>
  <testcase classname="Runner.TestRunner" name="runScenario" time="3.198"/>
  <testcase classname="Runner.TestRunner" name="runScenario" time="1.813"/>
  <testcase classname="Runner.TestRunner" name="runScenario" time="2.286"/>
  <testcase classname="Runner.TestRunner" name="runScenario" time="1.646"/>
  <testcase classname="Runner.TestRunner" name="runScenario" time="2.318"/>
  <testcase classname="Runner.TestRunner" name="runScenario" time="2.880"/>
  <testcase classname="Runner.TestRunner" name="runScenario" time="2.750"/>
  <testcase classname="Runner.TestRunner" name="runScenario" time="2.442"/>
  <testcase classname="Runner.TestRunner" name="runScenario" time="0.863"/>
  <testcase classname="Runner.TestRunner" name="runScenario" time="0.552"/>
  <testcase classname="Runner.TestRunner" name="runScenario" time="1.474"/>
  <testcase classname="Runner.TestRunner" name="runScenario" time="2.702"/>
  <testcase classname="Runner.TestRunner" name="runScenario" time="2.027"/>
  <testcase classname="Runner.TestRunner" name="runScenario" time="1.979"/>
  <testcase classname="Runner.TestRunner" name="runScenario" time="2.175"/>
  <testcase classname="Runner.TestRunner" name="runScenario" time="0.884"/>
  <testcase classname="Runner.TestRunner" name="runScenario" time="2.566"/>
  <testcase classname="Runner.TestRunner" name="runScenario" time="2.024"/>
  <testcase classname="Runner.TestRunner" name="runScenario" time="1.428"/>
  <testcase classname="Runner.TestRunner" name="runScenario" time="2.277"/>
  <testcase classname="Runner.TestRunner" name="runScenario" time="1.800"/>
  <testcase classname="Runner.TestRunner" name="runScenario" time="2.103"/>
  <testcase classname="Runner.TestRunner" name="runScenario" time="0.478"/>
  <testcase classname="Runner.TestRunner" name="runScenario" time="2.318"/>
  <testcase classname="Runner.TestRunner" name="runScenario" time="2.240"/>
  <testcase classname="Runner.TestRunner" name="runScenario" time="2.317"/>
  <testcase classname="Runner.TestRunner" name="runScenario" time="2.615"/>
  <testcase classname="Runner.TestRunner" name="runScenario" time="0.861"/>
  <testcase classname="Runner.TestRunner" name="runScenario" time="1.735"/>
  <testcase classname="Runner.TestRunner" name="runScenario" time="2.256"/>
  <testcase classname="Runner.TestRunner" name="runScenario" time="0.365"/>
  <testcase classname="Runner.TestRunner" name="runScenario" time="0.694"/>
  <testcase classname="Runner.TestRunner" name="runScenario" time="2.304"/>
  <testcase classname="Runner.TestRunner" name="runScenario" time="0.491"/>
  <testcase classname="Runner.TestRunner" name="runScenario" time="1.340"/>
  <testcase classname="Runner.TestRunner" name="runScenario" time="1.829"/>
  <testcase classname="Runner.TestRunner" name="runScenario" time="2.480"/>
  <testcase classname="Runner.TestRunner" name="runScenario" time="2.280"/>
  <testcase classname="Runner.TestRunner" name="runScenario" time="1.962"/>
  <testcase classname="Runner.TestRunner" name="runScenario" time="3.302"/>
  <testcase classname="Runner.TestRunner" name="runScenario" time="1.822"/>
  <testcase classname="Runner.TestRunner" name="runScenario" time="2.108"/>
  <testcase classname="Runner.TestRunner" name="runScenario" time="0.914"/>
  <testcase classname="Runner.TestRunner" name="runScenario" time="0.782"/>
  <testcase classname="Runner.TestRunner" name="runScenario" time="2.008"/>
  <testcase classname="Runner.TestRunner" name="runScenario" time="4.807"/>
  <testcase classname="Runner.TestRunner" name="runScenario" time="1.883"/>
  <testcase classname="Runner.TestRunner" name="runScenario" time="0.495"/>
  <testcase classname="Runner.TestRunner" name="runScenario" time="2.414"/>
  <testcase classname="Runner.TestRunner" name="runScenario" time="3.522"/>
  <testcase classname="Runner.TestRunner" name="runScenario" time="2.869"/>
  <testcase classname="Runner.TestRunner" name="runScenario" time="0.547"/>
  <testcase classname="Runner.TestRunner" name="runScenario" time="2.323"/>
  <testcase classname="Runner.TestRunner" name="runScenario" time="1.940"/>
  <testcase classname="Runner.TestRunner" name="runScenario" time="2.083"/>
  <testcase classname="Runner.TestRunner" name="runScenario" time="2.283"/>
  <testcase classname="Runner.TestRunner" name="runScenario" time="2.152"/>
  <testcase classname="Runner.TestRunner" name="runScenario" time="1.651"/>
  <testcase classname="Runner.TestRunner" name="runScenario" time="5.670"/>
  <testcase classname="Runner.TestRunner" name="runScenario" time="3.508"/>
  <testcase classname="Runner.TestRunner" name="runScenario" time="2.921"/>
  <testcase classname="Runner.TestRunner" name="runScenario" time="0.916"/>
  <testcase classname="Runner.TestRunner" name="runScenario" time="1.850"/>
  <testcase classname="Runner.TestRunner" name="runScenario" time="1.517"/>
  <testcase classname="Runner.TestRunner" name="runScenario" time="2.616"/>
  <testcase classname="Runner.TestRunner" name="runScenario" time="2.447"/>
  <testcase classname="Runner.TestRunner" name="runScenario" time="2.129"/>
  <testcase classname="Runner.TestRunner" name="runScenario" time="1.084"/>
  <testcase classname="Runner.TestRunner" name="runScenario" time="2.578"/>
  <testcase classname="Runner.TestRunner" name="runScenario" time="4.184"/>
  <testcase classname="Runner.TestRunner" name="runScenario" time="1.290"/>
  <testcase classname="Runner.TestRunner" name="runScenario" time="1.875"/>
  <testcase classname="Runner.TestRunner" name="runScenario" time="2.464"/>
  <testcase classname="Runner.TestRunner" name="runScenario" time="1.857"/>
  <testcase classname="Runner.TestRunner" name="runScenario" time="2.133"/>
  <testcase classname="Runner.TestRunner" name="runScenario" time="2.506"/>
  <testcase classname="Runner.TestRunner" name="runScenario" time="1.702"/>
  <testcase classname="Runner.TestRunner" name="runScenario" time="3.249"/>
  <testcase classname="Runner.TestRunner" name="runScenario" time="1.988"/>
  <testcase classname="Runner.TestRunner" name="runScenario" time="0.467"/>
  <testcase classname="Runner.TestRunner" name="runScenario" time="2.019"/>
  <testcase classname="Runner.TestRunner" name="runScenario" time="1.018"/>
  <testcase classname="Runner.TestRunner" name="runScenario" time="0.729"/>
  <testcase classname="Runner.TestRunner" name="runScenario" time="1.550"/>
  <testcase classname="Runner.TestRunner" name="runScenario" time="4.587"/>
  <testcase classname="Runner.TestRunner" name="runScenario" time="0.911"/>
  <testcase classname="Runner.TestRunner" name="runScenario" time="2.195"/>
  <testcase classname="Runner.TestRunner" name="runScenario" time="7.964"/>
  <testcase classname="Runner.TestRunner" name="runScenario" time="2.031"/>
  <testcase classname="Runner.TestRunner" name="runScenario" time="0.582">
    <error message="Fail to save: an error occurs while saving the package : The part /xl/worksheets/sheet3.xml failed to be saved in the stream with marshaller org.apache.poi.openxml4j.opc.internal.marshallers.DefaultMarshaller@60e0ab5e. Enable logging via Log4j 2 for more details." type="org.apache.poi.openxml4j.exceptions.OpenXML4JRuntimeException">
      <![CDATA[org.apache.poi.openxml4j.exceptions.OpenXML4JRuntimeException: Fail to save: an error occurs while saving the package : The part /xl/worksheets/sheet3.xml failed to be saved in the stream with marshaller org.apache.poi.openxml4j.opc.internal.marshallers.DefaultMarshaller@60e0ab5e. Enable logging via Log4j 2 for more details.
at org.apache.poi.openxml4j.opc.ZipPackage.saveImpl(ZipPackage.java:606)
at org.apache.poi.openxml4j.opc.OPCPackage.save(OPCPackage.java:1546)
at org.apache.poi.openxml4j.opc.OPCPackage.save(OPCPackage.java:1533)
at org.apache.poi.openxml4j.opc.ZipPackage.closeImpl(ZipPackage.java:478)
at org.apache.poi.openxml4j.opc.OPCPackage.close(OPCPackage.java:517)
at org.apache.poi.ooxml.POIXMLDocument.close(POIXMLDocument.java:189)
at org.apache.poi.xssf.usermodel.XSSFWorkbook.close(XSSFWorkbook.java:642)
at Utilities.Excelreaderpython.getData(Excelreaderpython.java:26)
at StepDefinitions.StackSteps.the_user_enters_valid_python_code_from_excel_and_and_enters_in_the_editor_and_clicks_the_run_button_for_stack_try_editor(StackSteps.java:145)
at ✽.the user enters valid python code  from excel "pythonCode" and 0 and enters in the editor and clicks the Run button for stack TryEditor(file:///C:/Users/ashok/eclipse-workspace/DsAlgo_Cucumber/src/test/resources/Features/Stack.feature:110)
Caused by: org.apache.poi.openxml4j.exceptions.OpenXML4JException: The part /xl/worksheets/sheet3.xml failed to be saved in the stream with marshaller org.apache.poi.openxml4j.opc.internal.marshallers.DefaultMarshaller@60e0ab5e. Enable logging via Log4j 2 for more details.
at org.apache.poi.openxml4j.opc.ZipPackage.saveImpl(ZipPackage.java:595)
... 9 more
]]>
    </error>
  </testcase> <!-- runScenario -->
  <testcase classname="Runner.TestRunner" name="runScenario" time="3.149"/>
  <testcase classname="Runner.TestRunner" name="runScenario" time="0.996"/>
  <testcase classname="Runner.TestRunner" name="runScenario" time="1.584"/>
  <testcase classname="Runner.TestRunner" name="runScenario" time="1.601"/>
  <testcase classname="Runner.TestRunner" name="runScenario" time="3.751"/>
  <testcase classname="Runner.TestRunner" name="runScenario" time="2.763"/>
  <testcase classname="Runner.TestRunner" name="runScenario" time="1.945"/>
  <testcase classname="Runner.TestRunner" name="runScenario" time="1.554"/>
  <testcase classname="Runner.TestRunner" name="runScenario" time="1.340"/>
  <testcase classname="Runner.TestRunner" name="runScenario" time="0.390"/>
  <testcase classname="Runner.TestRunner" name="runScenario" time="2.517"/>
  <testcase classname="Runner.TestRunner" name="runScenario" time="1.632"/>
  <testcase classname="Runner.TestRunner" name="runScenario" time="1.755"/>
  <testcase classname="Runner.TestRunner" name="runScenario" time="2.272"/>
  <testcase classname="Runner.TestRunner" name="runScenario" time="2.044"/>
  <testcase classname="Runner.TestRunner" name="runScenario" time="2.308"/>
  <testcase classname="Runner.TestRunner" name="runScenario" time="1.793"/>
  <testcase classname="Runner.TestRunner" name="runScenario" time="0.951"/>
  <testcase classname="Runner.TestRunner" name="runScenario" time="2.475"/>
  <testcase classname="Runner.TestRunner" name="runScenario" time="0.539"/>
  <testcase classname="Runner.TestRunner" name="runScenario" time="0.812"/>
  <testcase classname="Runner.TestRunner" name="runScenario" time="5.811"/>
  <testcase classname="Runner.TestRunner" name="runScenario" time="3.078"/>
  <testcase classname="Runner.TestRunner" name="runScenario" time="3.053"/>
  <testcase classname="Runner.TestRunner" name="runScenario" time="0.477"/>
  <testcase classname="Runner.TestRunner" name="runScenario" time="1.981"/>
  <testcase classname="Runner.TestRunner" name="runScenario" time="1.796"/>
  <testcase classname="Runner.TestRunner" name="runScenario" time="2.526"/>
  <testcase classname="Runner.TestRunner" name="runScenario" time="1.534"/>
  <testcase classname="Runner.TestRunner" name="runScenario" time="1.850"/>
  <testcase classname="Runner.TestRunner" name="runScenario" time="1.490"/>
  <testcase classname="Runner.TestRunner" name="runScenario" time="5.319"/>
  <testcase classname="Runner.TestRunner" name="runScenario" time="1.620"/>
  <testcase classname="Runner.TestRunner" name="runScenario" time="2.290"/>
  <testcase classname="Runner.TestRunner" name="runScenario" time="1.975"/>
  <testcase classname="Runner.TestRunner" name="runScenario" time="1.946"/>
  <testcase classname="Runner.TestRunner" name="runScenario" time="5.179"/>
  <testcase classname="Runner.TestRunner" name="runScenario" time="0.394"/>
  <testcase classname="Runner.TestRunner" name="runScenario" time="3.174"/>
  <testcase classname="Runner.TestRunner" name="runScenario" time="1.999"/>
  <testcase classname="Runner.TestRunner" name="runScenario" time="1.666"/>
  <testcase classname="Runner.TestRunner" name="runScenario" time="0.757"/>
  <testcase classname="Runner.TestRunner" name="runScenario" time="2.244"/>
  <testcase classname="Runner.TestRunner" name="runScenario" time="2.092"/>
  <testcase classname="Runner.TestRunner" name="runScenario" time="1.837"/>
  <testcase classname="Runner.TestRunner" name="runScenario" time="2.446"/>
  <testcase classname="Runner.TestRunner" name="runScenario" time="3.222"/>
  <testcase classname="Runner.TestRunner" name="runScenario" time="2.817"/>
  <testcase classname="Runner.TestRunner" name="runScenario" time="1.950"/>
  <testcase classname="Runner.TestRunner" name="runScenario" time="2.271"/>
  <testcase classname="Runner.TestRunner" name="runScenario" time="0.543"/>
  <testcase classname="Runner.TestRunner" name="runScenario" time="1.685"/>
  <testcase classname="Runner.TestRunner" name="runScenario" time="0.585"/>
  <testcase classname="Runner.TestRunner" name="runScenario" time="0.425"/>
  <testcase classname="Runner.TestRunner" name="runScenario" time="0.530"/>
  <testcase classname="Runner.TestRunner" name="runScenario" time="0.378"/>
  <testcase classname="Runner.TestRunner" name="runScenario" time="4.080"/>
  <testcase classname="Runner.TestRunner" name="runScenario" time="2.119"/>
  <testcase classname="Runner.TestRunner" name="runScenario" time="0.424"/>
  <testcase classname="Runner.TestRunner" name="runScenario" time="0.413"/>
  <testcase classname="Runner.TestRunner" name="runScenario" time="0.433"/>
  <testcase classname="Runner.TestRunner" name="runScenario" time="0.586"/>
  <testcase classname="Runner.TestRunner" name="runScenario" time="5.832"/>
  <testcase classname="Runner.TestRunner" name="runScenario" time="2.627"/>
  <testcase classname="Runner.TestRunner" name="runScenario" time="2.018"/>
  <testcase classname="Runner.TestRunner" name="runScenario" time="0.821"/>
  <testcase classname="Runner.TestRunner" name="runScenario" time="6.749"/>
  <testcase classname="Runner.TestRunner" name="runScenario" time="1.708"/>
  <testcase classname="Runner.TestRunner" name="runScenario" time="3.803"/>
  <testcase classname="Runner.TestRunner" name="runScenario" time="0.524"/>
  <testcase classname="Runner.TestRunner" name="runScenario" time="6.782"/>
  <testcase classname="Runner.TestRunner" name="runScenario" time="2.368"/>
  <testcase classname="Runner.TestRunner" name="runScenario" time="1.508"/>
  <testcase classname="Runner.TestRunner" name="runScenario" time="0.471"/>
  <testcase classname="Runner.TestRunner" name="runScenario" time="2.424"/>
  <testcase classname="Runner.TestRunner" name="runScenario" time="1.481"/>
  <testcase classname="Runner.TestRunner" name="runScenario" time="1.519"/>
  <testcase classname="Runner.TestRunner" name="runScenario" time="1.079"/>
  <testcase classname="Runner.TestRunner" name="runScenario" time="1.277"/>
  <testcase classname="Runner.TestRunner" name="runScenario" time="0.414"/>
  <testcase classname="Runner.TestRunner" name="runScenario" time="2.621"/>
  <testcase classname="Runner.TestRunner" name="runScenario" time="0.398"/>
  <testcase classname="Runner.TestRunner" name="runScenario" time="1.954"/>
  <testcase classname="Runner.TestRunner" name="runScenario" time="2.582"/>
  <testcase classname="Runner.TestRunner" name="runScenario" time="3.029"/>
  <testcase classname="Runner.TestRunner" name="runScenario" time="0.464"/>
  <testcase classname="Runner.TestRunner" name="runScenario" time="0.352"/>
  <testcase classname="Runner.TestRunner" name="runScenario" time="1.704"/>
  <testcase classname="Runner.TestRunner" name="runScenario" time="1.077"/>
  <testcase classname="Runner.TestRunner" name="runScenario" time="1.379"/>
  <testcase classname="Runner.TestRunner" name="runScenario" time="2.397"/>
  <testcase classname="Runner.TestRunner" name="runScenario" time="1.506"/>
  <testcase classname="Runner.TestRunner" name="runScenario" time="0.487"/>
  <testcase classname="Runner.TestRunner" name="runScenario" time="2.487"/>
  <testcase classname="Runner.TestRunner" name="runScenario" time="0.705"/>
  <testcase classname="Runner.TestRunner" name="runScenario" time="1.060"/>
  <testcase classname="Runner.TestRunner" name="runScenario" time="4.156"/>
  <testcase classname="Runner.TestRunner" name="runScenario" time="0.480"/>
  <testcase classname="Runner.TestRunner" name="runScenario" time="1.661"/>
  <testcase classname="Runner.TestRunner" name="runScenario" time="3.215"/>
  <testcase classname="Runner.TestRunner" name="runScenario" time="2.684"/>
  <testcase classname="Runner.TestRunner" name="runScenario" time="1.874"/>
  <testcase classname="Runner.TestRunner" name="runScenario" time="2.522"/>
  <testcase classname="Runner.TestRunner" name="runScenario" time="1.669"/>
  <testcase classname="Runner.TestRunner" name="runScenario" time="0.579"/>
  <testcase classname="Runner.TestRunner" name="runScenario" time="0.510"/>
  <testcase classname="Runner.TestRunner" name="runScenario" time="3.010"/>
  <testcase classname="Runner.TestRunner" name="runScenario" time="1.662"/>
  <testcase classname="Runner.TestRunner" name="runScenario" time="0.445"/>
  <testcase classname="Runner.TestRunner" name="runScenario" time="0.877"/>
  <testcase classname="Runner.TestRunner" name="runScenario" time="0.620"/>
  <testcase classname="Runner.TestRunner" name="runScenario" time="2.019"/>
  <testcase classname="Runner.TestRunner" name="runScenario" time="0.763"/>
  <testcase classname="Runner.TestRunner" name="runScenario" time="1.677"/>
  <testcase classname="Runner.TestRunner" name="runScenario" time="2.385"/>
  <testcase classname="Runner.TestRunner" name="runScenario" time="1.730"/>
  <testcase classname="Runner.TestRunner" name="runScenario" time="0.602"/>
  <testcase classname="Runner.TestRunner" name="runScenario" time="2.042"/>
  <testcase classname="Runner.TestRunner" name="runScenario" time="2.907"/>
  <testcase classname="Runner.TestRunner" name="runScenario" time="0.489"/>
  <testcase classname="Runner.TestRunner" name="runScenario" time="3.258"/>
  <testcase classname="Runner.TestRunner" name="runScenario" time="1.322"/>
  <testcase classname="Runner.TestRunner" name="runScenario" time="2.466"/>
  <testcase classname="Runner.TestRunner" name="runScenario" time="2.113"/>
  <testcase classname="Runner.TestRunner" name="runScenario" time="1.816"/>
  <testcase classname="Runner.TestRunner" name="runScenario" time="0.749"/>
  <testcase classname="Runner.TestRunner" name="runScenario" time="2.480"/>
  <testcase classname="Runner.TestRunner" name="runScenario" time="2.141"/>
  <testcase classname="Runner.TestRunner" name="runScenario" time="2.733"/>
  <testcase classname="Runner.TestRunner" name="runScenario" time="2.763"/>
  <testcase classname="Runner.TestRunner" name="runScenario" time="2.302"/>
  <testcase classname="Runner.TestRunner" name="runScenario" time="1.788"/>
  <testcase classname="Runner.TestRunner" name="runScenario" time="3.107"/>
  <testcase classname="Runner.TestRunner" name="runScenario" time="2.487"/>
  <testcase classname="Runner.TestRunner" name="runScenario" time="2.836"/>
  <testcase classname="Runner.TestRunner" name="runScenario" time="0.569"/>
  <testcase classname="Runner.TestRunner" name="runScenario" time="2.633"/>
  <testcase classname="Runner.TestRunner" name="runScenario" time="1.401"/>
</testsuite> <!-- Runner.TestRunner -->
